<?xml version="1.0" encoding="UTF-8"?>
<coverage generated="1626238804101" clover="3.2.0">
  <project timestamp="1626238804102" name="All files">
    <metrics statements="39" coveredstatements="37" conditionals="65" coveredconditionals="51" methods="11" coveredmethods="11" elements="115" coveredelements="99" complexity="0" loc="39" ncloc="39" packages="1" files="1" classes="1"/>
    <file name="MultiCheck.tsx" path="D:\recruitment-dev-react-multicheck-homework-JiajunTong\src\MultiCheck\MultiCheck.tsx">
      <metrics statements="39" coveredstatements="37" conditionals="65" coveredconditionals="51" methods="11" coveredmethods="11"/>
      <line num="1" count="1" type="stmt"/>
      <line num="3" count="1" type="stmt"/>
      <line num="30" count="1" type="stmt"/>
      <line num="32" count="10" type="stmt"/>
      <line num="34" count="10" type="stmt"/>
      <line num="35" count="10" type="stmt"/>
      <line num="36" count="10" type="stmt"/>
      <line num="37" count="10" type="stmt"/>
      <line num="39" count="10" type="stmt"/>
      <line num="40" count="10" type="stmt"/>
      <line num="43" count="30" type="stmt"/>
      <line num="45" count="10" type="stmt"/>
      <line num="46" count="2" type="stmt"/>
      <line num="47" count="2" type="stmt"/>
      <line num="48" count="2" type="cond" truecount="2" falsecount="0"/>
      <line num="49" count="2" type="stmt"/>
      <line num="50" count="2" type="cond" truecount="2" falsecount="0"/>
      <line num="52" count="10" type="stmt"/>
      <line num="53" count="1" type="stmt"/>
      <line num="54" count="1" type="stmt"/>
      <line num="55" count="1" type="cond" truecount="1" falsecount="1"/>
      <line num="56" count="0" type="cond" truecount="0" falsecount="4"/>
      <line num="58" count="1" type="cond" truecount="3" falsecount="1"/>
      <line num="60" count="1" type="stmt"/>
      <line num="61" count="1" type="cond" truecount="5" falsecount="1"/>
      <line num="62" count="1" type="cond" truecount="3" falsecount="1"/>
      <line num="63" count="3" type="cond" truecount="3" falsecount="1"/>
      <line num="65" count="10" type="stmt"/>
      <line num="66" count="10" type="cond" truecount="2" falsecount="0"/>
      <line num="67" count="3" type="cond" truecount="1" falsecount="1"/>
      <line num="68" count="0" type="stmt"/>
      <line num="71" count="10" type="stmt"/>
      <line num="80" count="40" type="cond" truecount="3" falsecount="0"/>
      <line num="84" count="32" type="cond" truecount="2" falsecount="0"/>
      <line num="89" count="11" type="cond" truecount="2" falsecount="0"/>
      <line num="90" count="8" type="cond" truecount="10" falsecount="2"/>
      <line num="91" count="2" type="stmt"/>
      <line num="95" count="1" type="stmt"/>
      <line num="109" count="1" type="stmt"/>
    </file>
  </project>
</coverage>
