{"D:\\recruitment-dev-react-multicheck-homework-JiajunTong\\src\\MultiCheck\\MultiCheck.tsx": {"path":"D:\\recruitment-dev-react-multicheck-homework-JiajunTong\\src\\MultiCheck\\MultiCheck.tsx","statementMap":{"0":{"start":{"line":1,"column":0},"end":{"line":1,"column":27}},"1":{"start":{"line":3,"column":0},"end":{"line":3,"column":51}},"2":{"start":{"line":30,"column":51},"end":{"line":107,"column":1}},"3":{"start":{"line":32,"column":46},"end":{"line":32,"column":51}},"4":{"start":{"line":34,"column":22},"end":{"line":34,"column":76}},"5":{"start":{"line":35,"column":26},"end":{"line":35,"column":40}},"6":{"start":{"line":36,"column":40},"end":{"line":36,"column":56}},"7":{"start":{"line":37,"column":46},"end":{"line":37,"column":68}},"8":{"start":{"line":39,"column":44},"end":{"line":39,"column":58}},"9":{"start":{"line":40,"column":34},"end":{"line":40,"column":49}},"10":{"start":{"line":43,"column":23},"end":{"line":43,"column":69}},"11":{"start":{"line":43,"column":55},"end":{"line":43,"column":68}},"12":{"start":{"line":45,"column":27},"end":{"line":51,"column":3}},"13":{"start":{"line":46,"column":4},"end":{"line":46,"column":null}},"14":{"start":{"line":47,"column":4},"end":{"line":47,"column":34}},"15":{"start":{"line":48,"column":4},"end":{"line":48,"column":57}},"16":{"start":{"line":49,"column":4},"end":{"line":49,"column":28}},"17":{"start":{"line":50,"column":4},"end":{"line":50,"column":null}},"18":{"start":{"line":52,"column":19},"end":{"line":64,"column":3}},"19":{"start":{"line":53,"column":4},"end":{"line":53,"column":null}},"20":{"start":{"line":54,"column":15},"end":{"line":54,"column":26}},"21":{"start":{"line":55,"column":4},"end":{"line":59,"column":null}},"22":{"start":{"line":56,"column":5},"end":{"line":56,"column":null}},"23":{"start":{"line":58,"column":6},"end":{"line":58,"column":42}},"24":{"start":{"line":60,"column":4},"end":{"line":60,"column":25}},"25":{"start":{"line":61,"column":4},"end":{"line":61,"column":76}},"26":{"start":{"line":62,"column":4},"end":{"line":62,"column":54}},"27":{"start":{"line":63,"column":4},"end":{"line":63,"column":null}},"28":{"start":{"line":63,"column":51},"end":{"line":63,"column":77}},"29":{"start":{"line":65,"column":2},"end":{"line":70,"column":null}},"30":{"start":{"line":66,"column":6},"end":{"line":69,"column":null}},"31":{"start":{"line":67,"column":8},"end":{"line":68,"column":null}},"32":{"start":{"line":68,"column":10},"end":{"line":68,"column":null}},"33":{"start":{"line":71,"column":2},"end":{"line":106,"column":null}},"34":{"start":{"line":80,"column":19},"end":{"line":99,"column":null}},"35":{"start":{"line":84,"column":26},"end":{"line":96,"column":null}},"36":{"start":{"line":89,"column":30},"end":{"line":91,"column":32}},"37":{"start":{"line":90,"column":32},"end":{"line":90,"column":null}},"38":{"start":{"line":91,"column":51},"end":{"line":91,"column":70}},"39":{"start":{"line":95,"column":46},"end":{"line":95,"column":138}},"40":{"start":{"line":109,"column":0},"end":{"line":109,"column":26}}},"fnMap":{"0":{"name":"(anonymous_6)","decl":{"start":{"line":30,"column":51},"end":{"line":30,"column":52}},"loc":{"start":{"line":30,"column":74},"end":{"line":107,"column":1}}},"1":{"name":"(anonymous_7)","decl":{"start":{"line":43,"column":41},"end":{"line":43,"column":42}},"loc":{"start":{"line":43,"column":55},"end":{"line":43,"column":68}}},"2":{"name":"(anonymous_8)","decl":{"start":{"line":45,"column":27},"end":{"line":45,"column":28}},"loc":{"start":{"line":45,"column":37},"end":{"line":51,"column":3}}},"3":{"name":"(anonymous_9)","decl":{"start":{"line":52,"column":19},"end":{"line":52,"column":20}},"loc":{"start":{"line":52,"column":39},"end":{"line":64,"column":3}}},"4":{"name":"(anonymous_10)","decl":{"start":{"line":63,"column":43},"end":{"line":63,"column":47}},"loc":{"start":{"line":63,"column":51},"end":{"line":63,"column":77}}},"5":{"name":"(anonymous_11)","decl":{"start":{"line":65,"column":12},"end":{"line":65,"column":15}},"loc":{"start":{"line":65,"column":17},"end":{"line":70,"column":3}}},"6":{"name":"(anonymous_12)","decl":{"start":{"line":79,"column":34},"end":{"line":79,"column":35}},"loc":{"start":{"line":80,"column":19},"end":{"line":99,"column":null}}},"7":{"name":"(anonymous_13)","decl":{"start":{"line":82,"column":56},"end":{"line":82,"column":57}},"loc":{"start":{"line":84,"column":26},"end":{"line":96,"column":null}}},"8":{"name":"(anonymous_14)","decl":{"start":{"line":88,"column":34},"end":{"line":88,"column":35}},"loc":{"start":{"line":88,"column":51},"end":{"line":91,"column":32}}},"9":{"name":"(anonymous_15)","decl":{"start":{"line":91,"column":44},"end":{"line":91,"column":45}},"loc":{"start":{"line":91,"column":51},"end":{"line":91,"column":70}}},"10":{"name":"(anonymous_16)","decl":{"start":{"line":95,"column":40},"end":{"line":95,"column":41}},"loc":{"start":{"line":95,"column":46},"end":{"line":95,"column":138}}}},"branchMap":{"0":{"loc":{"start":{"line":48,"column":38},"end":{"line":48,"column":50}},"type":"cond-expr","locations":[{"start":{"line":48,"column":38},"end":{"line":48,"column":50}},{"start":{"line":48,"column":53},"end":{"line":48,"column":55}}]},"1":{"loc":{"start":{"line":50,"column":41},"end":{"line":50,"column":54}},"type":"cond-expr","locations":[{"start":{"line":50,"column":41},"end":{"line":50,"column":54}},{"start":{"line":50,"column":55},"end":{"line":50,"column":57}}]},"2":{"loc":{"start":{"line":55,"column":4},"end":{"line":59,"column":null}},"type":"if","locations":[{"start":{"line":55,"column":4},"end":{"line":59,"column":null}},{"start":{"line":55,"column":4},"end":{"line":59,"column":null}}]},"3":{"loc":{"start":{"line":56,"column":16},"end":{"line":56,"column":18}},"type":"cond-expr","locations":[{"start":{"line":56,"column":16},"end":{"line":56,"column":18}},{"start":{"line":56,"column":12},"end":{"line":56,"column":31}}]},"4":{"loc":{"start":{"line":56,"column":12},"end":{"line":56,"column":18}},"type":"binary-expr","locations":[{"start":{"line":56,"column":12},"end":{"line":56,"column":18}},{"start":{"line":56,"column":12},"end":{"line":56,"column":18}}]},"5":{"loc":{"start":{"line":58,"column":10},"end":{"line":58,"column":12}},"type":"cond-expr","locations":[{"start":{"line":58,"column":10},"end":{"line":58,"column":12}},{"start":{"line":58,"column":6},"end":{"line":58,"column":42}}]},"6":{"loc":{"start":{"line":58,"column":6},"end":{"line":58,"column":12}},"type":"binary-expr","locations":[{"start":{"line":58,"column":6},"end":{"line":58,"column":12}},{"start":{"line":58,"column":6},"end":{"line":58,"column":12}}]},"7":{"loc":{"start":{"line":61,"column":22},"end":{"line":61,"column":37}},"type":"binary-expr","locations":[{"start":{"line":61,"column":22},"end":{"line":61,"column":37}},{"start":{"line":61,"column":41},"end":{"line":61,"column":74}}]},"8":{"loc":{"start":{"line":61,"column":28},"end":{"line":61,"column":30}},"type":"cond-expr","locations":[{"start":{"line":61,"column":28},"end":{"line":61,"column":30}},{"start":{"line":61,"column":24},"end":{"line":61,"column":36}}]},"9":{"loc":{"start":{"line":61,"column":24},"end":{"line":61,"column":30}},"type":"binary-expr","locations":[{"start":{"line":61,"column":24},"end":{"line":61,"column":30}},{"start":{"line":61,"column":24},"end":{"line":61,"column":30}}]},"10":{"loc":{"start":{"line":62,"column":20},"end":{"line":62,"column":22}},"type":"cond-expr","locations":[{"start":{"line":62,"column":20},"end":{"line":62,"column":22}},{"start":{"line":62,"column":16},"end":{"line":62,"column":28}}]},"11":{"loc":{"start":{"line":62,"column":16},"end":{"line":62,"column":22}},"type":"binary-expr","locations":[{"start":{"line":62,"column":16},"end":{"line":62,"column":22}},{"start":{"line":62,"column":16},"end":{"line":62,"column":22}}]},"12":{"loc":{"start":{"line":63,"column":55},"end":{"line":63,"column":57}},"type":"cond-expr","locations":[{"start":{"line":63,"column":55},"end":{"line":63,"column":57}},{"start":{"line":63,"column":51},"end":{"line":63,"column":77}}]},"13":{"loc":{"start":{"line":63,"column":51},"end":{"line":63,"column":57}},"type":"binary-expr","locations":[{"start":{"line":63,"column":51},"end":{"line":63,"column":57}},{"start":{"line":63,"column":51},"end":{"line":63,"column":57}}]},"14":{"loc":{"start":{"line":66,"column":6},"end":{"line":69,"column":null}},"type":"if","locations":[{"start":{"line":66,"column":6},"end":{"line":69,"column":null}},{"start":{"line":66,"column":6},"end":{"line":69,"column":null}}]},"15":{"loc":{"start":{"line":67,"column":8},"end":{"line":68,"column":null}},"type":"if","locations":[{"start":{"line":67,"column":8},"end":{"line":68,"column":null}},{"start":{"line":67,"column":8},"end":{"line":68,"column":null}}]},"16":{"loc":{"start":{"line":80,"column":19},"end":{"line":80,"column":26}},"type":"binary-expr","locations":[{"start":{"line":80,"column":19},"end":{"line":80,"column":26}},{"start":{"line":80,"column":29},"end":{"line":80,"column":64}},{"start":{"line":81,"column":20},"end":{"line":99,"column":null}}]},"17":{"loc":{"start":{"line":84,"column":26},"end":{"line":84,"column":104}},"type":"binary-expr","locations":[{"start":{"line":84,"column":26},"end":{"line":84,"column":104}},{"start":{"line":85,"column":26},"end":{"line":96,"column":null}}]},"18":{"loc":{"start":{"line":86,"column":30},"end":{"line":86,"column":92}},"type":"binary-expr","locations":[{"start":{"line":86,"column":30},"end":{"line":86,"column":92}},{"start":{"line":87,"column":28},"end":{"line":91,"column":null}}]},"19":{"loc":{"start":{"line":87,"column":122},"end":{"line":87,"column":126}},"type":"cond-expr","locations":[{"start":{"line":87,"column":122},"end":{"line":87,"column":126}},{"start":{"line":87,"column":127},"end":{"line":87,"column":135}}]},"20":{"loc":{"start":{"line":87,"column":96},"end":{"line":87,"column":98}},"type":"cond-expr","locations":[{"start":{"line":87,"column":96},"end":{"line":87,"column":98}},{"start":{"line":87,"column":85},"end":{"line":87,"column":104}}]},"21":{"loc":{"start":{"line":87,"column":85},"end":{"line":87,"column":98}},"type":"binary-expr","locations":[{"start":{"line":87,"column":85},"end":{"line":87,"column":98}},{"start":{"line":87,"column":85},"end":{"line":87,"column":98}}]},"22":{"loc":{"start":{"line":89,"column":30},"end":{"line":91,"column":32}},"type":"if","locations":[{"start":{"line":89,"column":30},"end":{"line":91,"column":32}},{"start":{"line":89,"column":30},"end":{"line":91,"column":32}}]},"23":{"loc":{"start":{"line":90,"column":128},"end":{"line":90,"column":133}},"type":"cond-expr","locations":[{"start":{"line":90,"column":128},"end":{"line":90,"column":133}},{"start":{"line":90,"column":134},"end":{"line":90,"column":147}}]},"24":{"loc":{"start":{"line":90,"column":63},"end":{"line":90,"column":85}},"type":"binary-expr","locations":[{"start":{"line":90,"column":63},"end":{"line":90,"column":85}},{"start":{"line":90,"column":90},"end":{"line":90,"column":125}}]},"25":{"loc":{"start":{"line":90,"column":74},"end":{"line":90,"column":76}},"type":"cond-expr","locations":[{"start":{"line":90,"column":74},"end":{"line":90,"column":76}},{"start":{"line":90,"column":63},"end":{"line":90,"column":82}}]},"26":{"loc":{"start":{"line":90,"column":63},"end":{"line":90,"column":76}},"type":"binary-expr","locations":[{"start":{"line":90,"column":63},"end":{"line":90,"column":76}},{"start":{"line":90,"column":63},"end":{"line":90,"column":76}}]},"27":{"loc":{"start":{"line":90,"column":101},"end":{"line":90,"column":103}},"type":"cond-expr","locations":[{"start":{"line":90,"column":101},"end":{"line":90,"column":103}},{"start":{"line":90,"column":90},"end":{"line":90,"column":109}}]},"28":{"loc":{"start":{"line":90,"column":90},"end":{"line":90,"column":103}},"type":"binary-expr","locations":[{"start":{"line":90,"column":90},"end":{"line":90,"column":103}},{"start":{"line":90,"column":90},"end":{"line":90,"column":103}}]},"29":{"loc":{"start":{"line":93,"column":30},"end":{"line":93,"column":90}},"type":"binary-expr","locations":[{"start":{"line":93,"column":30},"end":{"line":93,"column":90}},{"start":{"line":94,"column":28},"end":{"line":96,"column":null}}]},"30":{"loc":{"start":{"line":94,"column":78},"end":{"line":94,"column":80}},"type":"cond-expr","locations":[{"start":{"line":94,"column":78},"end":{"line":94,"column":80}},{"start":{"line":94,"column":67},"end":{"line":94,"column":null}}]},"31":{"loc":{"start":{"line":94,"column":67},"end":{"line":94,"column":80}},"type":"binary-expr","locations":[{"start":{"line":94,"column":67},"end":{"line":94,"column":80}},{"start":{"line":94,"column":67},"end":{"line":94,"column":80}}]}},"s":{"0":1,"1":1,"2":1,"3":10,"4":10,"5":10,"6":10,"7":10,"8":10,"9":10,"10":10,"11":30,"12":10,"13":2,"14":2,"15":2,"16":2,"17":2,"18":10,"19":1,"20":1,"21":1,"22":0,"23":1,"24":1,"25":1,"26":1,"27":1,"28":3,"29":10,"30":10,"31":3,"32":0,"33":10,"34":40,"35":32,"36":11,"37":8,"38":2,"39":1,"40":1},"f":{"0":10,"1":30,"2":2,"3":1,"4":3,"5":10,"6":40,"7":32,"8":11,"9":2,"10":1},"b":{"0":[1,1],"1":[1,1],"2":[0,1],"3":[0,0],"4":[0,0],"5":[0,1],"6":[1,1],"7":[1,1],"8":[0,1],"9":[1,1],"10":[0,1],"11":[1,1],"12":[0,3],"13":[3,3],"14":[3,7],"15":[0,3],"16":[40,32,16],"17":[32,32],"18":[32,8],"19":[3,5],"20":[0,8],"21":[8,8],"22":[8,3],"23":[4,4],"24":[8,7],"25":[0,8],"26":[8,8],"27":[0,7],"28":[7,7],"29":[32,24],"30":[0,24],"31":[24,24]}}
}
