TN:
SF:src\MultiCheck\MultiCheck.tsx
FN:30,(anonymous_6)
FN:43,(anonymous_7)
FN:45,(anonymous_8)
FN:52,(anonymous_9)
FN:63,(anonymous_10)
FN:65,(anonymous_11)
FN:79,(anonymous_12)
FN:82,(anonymous_13)
FN:88,(anonymous_14)
FN:91,(anonymous_15)
FN:95,(anonymous_16)
FNF:11
FNH:11
FNDA:10,(anonymous_6)
FNDA:30,(anonymous_7)
FNDA:2,(anonymous_8)
FNDA:1,(anonymous_9)
FNDA:3,(anonymous_10)
FNDA:10,(anonymous_11)
FNDA:40,(anonymous_12)
FNDA:32,(anonymous_13)
FNDA:11,(anonymous_14)
FNDA:2,(anonymous_15)
FNDA:1,(anonymous_16)
DA:1,1
DA:3,1
DA:30,1
DA:32,10
DA:34,10
DA:35,10
DA:36,10
DA:37,10
DA:39,10
DA:40,10
DA:43,30
DA:45,10
DA:46,2
DA:47,2
DA:48,2
DA:49,2
DA:50,2
DA:52,10
DA:53,1
DA:54,1
DA:55,1
DA:56,0
DA:58,1
DA:60,1
DA:61,1
DA:62,1
DA:63,3
DA:65,10
DA:66,10
DA:67,3
DA:68,0
DA:71,10
DA:80,40
DA:84,32
DA:89,11
DA:90,8
DA:91,2
DA:95,1
DA:109,1
LF:39
LH:37
BRDA:48,0,0,1
BRDA:48,0,1,1
BRDA:50,1,0,1
BRDA:50,1,1,1
BRDA:55,2,0,0
BRDA:55,2,1,1
BRDA:56,3,0,0
BRDA:56,3,1,0
BRDA:56,4,0,0
BRDA:56,4,1,0
BRDA:58,5,0,0
BRDA:58,5,1,1
BRDA:58,6,0,1
BRDA:58,6,1,1
BRDA:61,7,0,1
BRDA:61,7,1,1
BRDA:61,8,0,0
BRDA:61,8,1,1
BRDA:61,9,0,1
BRDA:61,9,1,1
BRDA:62,10,0,0
BRDA:62,10,1,1
BRDA:62,11,0,1
BRDA:62,11,1,1
BRDA:63,12,0,0
BRDA:63,12,1,3
BRDA:63,13,0,3
BRDA:63,13,1,3
BRDA:66,14,0,3
BRDA:66,14,1,7
BRDA:67,15,0,0
BRDA:67,15,1,3
BRDA:80,16,0,40
BRDA:80,16,1,32
BRDA:80,16,2,16
BRDA:84,17,0,32
BRDA:84,17,1,32
BRDA:86,18,0,32
BRDA:86,18,1,8
BRDA:87,19,0,3
BRDA:87,19,1,5
BRDA:87,20,0,0
BRDA:87,20,1,8
BRDA:87,21,0,8
BRDA:87,21,1,8
BRDA:89,22,0,8
BRDA:89,22,1,3
BRDA:90,23,0,4
BRDA:90,23,1,4
BRDA:90,24,0,8
BRDA:90,24,1,7
BRDA:90,25,0,0
BRDA:90,25,1,8
BRDA:90,26,0,8
BRDA:90,26,1,8
BRDA:90,27,0,0
BRDA:90,27,1,7
BRDA:90,28,0,7
BRDA:90,28,1,7
BRDA:93,29,0,32
BRDA:93,29,1,24
BRDA:94,30,0,0
BRDA:94,30,1,24
BRDA:94,31,0,24
BRDA:94,31,1,24
BRF:65
BRH:51
end_of_record
